Arguments: 
  /usr/local/bin/node /usr/local/bin/yarn

PATH: 
  /Users/kk/.rvm/gems/ruby-2.6.0/bin:/Users/kk/.rvm/gems/ruby-2.6.0@global/bin:/Users/kk/.rvm/rubies/ruby-2.6.0/bin:/Users/kk/.local/share/solana/install/active_release/bin:/usr/local/bin:/usr/bin:/bin:/usr/sbin:/sbin:/Library/Apple/usr/bin:/Library/Frameworks/Mono.framework/Versions/Current/Commands:/Users/kk/.nvm/versions/node/v12.22.11/bin:/Users/kk/.rvm/gems/ruby-2.6.0/bin:/Users/kk/.rvm/gems/ruby-2.6.0@global/bin:/Users/kk/.rvm/rubies/ruby-2.6.0/bin:/Users/kk/.rvm/bin:/Users/kk/.local/share/solana/install/active_release/bin:/Users/kk/.cargo/bin:/Users/kk/Developer/flutter/bin:/Users/kk/Developer/flutter/bin:/Users/kk/Developer/flutter/bin:/Users/kk/.rvm/bin

Yarn version: 
  1.22.17

Node version: 
  16.13.0

Platform: 
  darwin x64

Trace: 
  Error: Client network socket disconnected before secure TLS connection was established
      at connResetException (node:internal/errors:691:14)
      at TLSSocket.onConnectEnd (node:_tls_wrap:1585:19)
      at TLSSocket.emit (node:events:402:35)
      at endReadableNT (node:internal/streams/readable:1343:12)
      at processTicksAndRejections (node:internal/process/task_queues:83:21)

npm manifest: 
  {
      "dependencies": {
          "@project-serum/anchor": "^0.19.0"
      },
      "devDependencies": {
          "chai": "^4.3.4",
          "mocha": "^9.0.3",
          "ts-mocha": "^8.0.0",
          "@types/mocha": "^9.0.0",
          "typescript": "^4.3.5"
      }
  }

yarn manifest: 
  No manifest

Lockfile: 
  No lockfile
